2009-07-09 17:40:39 Warning: Warning (512): <span style = "color:Red;text-align:left"><b>SQL Error:</b> 1054: Unknown column 'Array' in 'field list'</span> in [CORE\cake\libs\model\datasources\dbo_source.php, line 525]
2009-07-09 17:58:49 Warning: Warning (2): Cannot modify header information - headers already sent by (output started at C:\xampp\htdocs\twik\cake\basics.php:111) in [CORE\cake\libs\controller\controller.php, line 640]
2009-07-10 13:06:15 Warning: Warning (512): <span style = "color:Red;text-align:left"><b>SQL Error:</b> 1054: Unknown column 'Array' in 'field list'</span> in [CORE\cake\libs\model\datasources\dbo_source.php, line 525]
2009-07-10 13:10:23 Warning: Warning (512): Method HtmlHelper::input does not exist in [CORE\cake\libs\view\helper.php, line 143]
2009-07-10 16:53:08 Warning: Warning (2): Cannot modify header information - headers already sent by (output started at C:\xampp\htdocs\twik\cake\basics.php:111) in [CORE\cake\libs\controller\controller.php, line 640]
2009-07-11 11:37:38 Warning: Warning (2): current() [<a href='http://php.net/function.current'>function.current</a>]: Passed variable is not an array or object in [APP\models\endereco.php, line 180]
2009-07-11 11:39:33 Warning: Warning (2): current() [<a href='http://php.net/function.current'>function.current</a>]: Passed variable is not an array or object in [APP\models\endereco.php, line 182]
2009-07-11 11:43:47 Warning: Warning (2): preg_match() [<a href='http://php.net/function.preg-match'>function.preg-match</a>]: Delimiter must not be alphanumeric or backslash in [CORE\cake\libs\model\model.php, line 2431]
2009-07-11 11:48:11 Warning: Warning (2): current() [<a href='http://php.net/function.current'>function.current</a>]: Passed variable is not an array or object in [APP\models\endereco.php, line 182]
2009-07-11 13:01:13 Warning: Warning (2): Cannot modify header information - headers already sent by (output started at C:\xampp\htdocs\twik\app\models\estado.php:1) in [CORE\cake\libs\controller\controller.php, line 640]
2009-07-11 13:43:20 Warning: Warning (512): <span style = "color:Red;text-align:left"><b>SQL Error:</b> 1054: Unknown column 'UserFoto.image' in 'field list'</span> in [CORE\cake\libs\model\datasources\dbo_source.php, line 525]
2009-07-11 13:43:21 Warning: Warning (2): Cannot modify header information - headers already sent by (output started at C:\xampp\htdocs\twik\cake\basics.php:111) in [CORE\cake\libs\controller\controller.php, line 640]
2009-07-13 10:44:07 Warning: Warning (2): mb_internal_encoding() [<a href='http://php.net/function.mb-internal-encoding'>function.mb-internal-encoding</a>]: Unknown encoding &quot;ANSI&quot; in [CORE\cake\libs\multibyte.php, line 29]
2009-07-13 10:44:08 Warning: Warning (2): Cannot modify header information - headers already sent by (output started at C:\xampp\htdocs\twik\cake\basics.php:209) in [CORE\cake\libs\controller\controller.php, line 640]
2009-07-13 10:44:08 Warning: Warning (2): htmlspecialchars() [<a href='http://php.net/function.htmlspecialchars'>function.htmlspecialchars</a>]: charset `ANSI' not supported, assuming iso-8859-1 in [CORE\cake\basics.php, line 209]
2009-07-13 10:47:26 Warning: Warning (2): htmlspecialchars() [<a href='http://php.net/function.htmlspecialchars'>function.htmlspecialchars</a>]: charset `utf8' not supported, assuming iso-8859-1 in [CORE\cake\basics.php, line 209]
2009-07-14 02:25:10 Warning: Warning (4096): Object of class PagesController could not be converted to string in [APP\controllers\pages_controller.php, line 18]
2009-07-14 02:25:10 Error: _sendMail(), data parameter required.
2009-07-14 20:29:51 Warning: Warning (512): <span style = "color:Red;text-align:left"><b>SQL Error:</b> 1064: You have an error in your SQL syntax; check the manual that corresponds to your MySQL server version for the right syntax to use near 'contain' at line 1</span> in [CORE\cake\libs\model\datasources\dbo_source.php, line 525]
2009-07-14 23:21:36 Warning: Warning (2): Invalid argument supplied for foreach() in [APP\views\cidades\cidades.ctp, line 4]
2009-07-14 23:26:06 Warning: Warning (2): Invalid argument supplied for foreach() in [APP\views\cidades\cidades.ctp, line 4]
2009-07-15 00:32:35 Warning: Warning (512): <span style = "color:Red;text-align:left"><b>SQL Error:</b> 1048: Column 'rg' cannot be null</span> in [CORE\cake\libs\model\datasources\dbo_source.php, line 525]
2009-07-15 00:40:13 Warning: Warning (512): <span style = "color:Red;text-align:left"><b>SQL Error:</b> 1048: Column 'rg' cannot be null</span> in [CORE\cake\libs\model\datasources\dbo_source.php, line 525]
2009-07-15 00:42:30 Warning: Warning (512): <span style = "color:Red;text-align:left"><b>SQL Error:</b> 1048: Column 'ddd_cel' cannot be null</span> in [CORE\cake\libs\model\datasources\dbo_source.php, line 525]
2009-07-15 14:58:47 Warning: Warning (2): Cannot modify header information - headers already sent by (output started at C:\xampp\htdocs\twik\cake\basics.php:108) in [CORE\cake\libs\controller\controller.php, line 640]
2009-07-15 15:00:49 Warning: Warning (2): Cannot modify header information - headers already sent by (output started at C:\xampp\htdocs\twik\cake\basics.php:108) in [CORE\cake\libs\controller\controller.php, line 640]
2009-07-21 00:38:50 Warning: Warning (2): Invalid argument supplied for foreach() in [APP\views\elements\menu_top.ctp, line 7]
2009-07-21 00:51:14 Warning: Warning (2): Invalid argument supplied for foreach() in [APP\views\elements\menu_top.ctp, line 7]
2009-07-21 01:04:34 Warning: Warning (2): Invalid argument supplied for foreach() in [APP\views\elements\menu_top.ctp, line 7]
2009-07-21 01:14:43 Warning: Warning (2): Invalid argument supplied for foreach() in [APP\views\elements\menu_top.ctp, line 7]
2009-07-21 01:21:38 Warning: Warning (512): <span style = "color:Red;text-align:left"><b>SQL Error:</b> 1054: Unknown column 'Page.slug' in 'where clause'</span> in [CORE\cake\libs\model\datasources\dbo_source.php, line 525]
2009-07-21 01:21:38 Warning: Warning (512): <span style = "color:Red;text-align:left"><b>SQL Error:</b> 1054: Unknown column 'Page.slug' in 'where clause'</span> in [CORE\cake\libs\model\datasources\dbo_source.php, line 525]
2009-07-21 01:21:39 Warning: Warning (512): <span style = "color:Red;text-align:left"><b>SQL Error:</b> 1054: Unknown column 'Page.slug' in 'where clause'</span> in [CORE\cake\libs\model\datasources\dbo_source.php, line 525]
2009-07-21 01:21:39 Warning: Warning (512): <span style = "color:Red;text-align:left"><b>SQL Error:</b> 1054: Unknown column 'Page.slug' in 'where clause'</span> in [CORE\cake\libs\model\datasources\dbo_source.php, line 525]
2009-07-21 01:21:40 Warning: Warning (512): <span style = "color:Red;text-align:left"><b>SQL Error:</b> 1054: Unknown column 'Page.slug' in 'where clause'</span> in [CORE\cake\libs\model\datasources\dbo_source.php, line 525]
2009-07-21 01:21:41 Warning: Warning (512): <span style = "color:Red;text-align:left"><b>SQL Error:</b> 1054: Unknown column 'Page.slug' in 'where clause'</span> in [CORE\cake\libs\model\datasources\dbo_source.php, line 525]
2009-07-21 01:21:42 Warning: Warning (512): <span style = "color:Red;text-align:left"><b>SQL Error:</b> 1054: Unknown column 'Page.slug' in 'where clause'</span> in [CORE\cake\libs\model\datasources\dbo_source.php, line 525]
2009-07-21 01:21:42 Warning: Warning (512): <span style = "color:Red;text-align:left"><b>SQL Error:</b> 1054: Unknown column 'Page.slug' in 'where clause'</span> in [CORE\cake\libs\model\datasources\dbo_source.php, line 525]
2009-07-21 01:21:43 Warning: Warning (512): <span style = "color:Red;text-align:left"><b>SQL Error:</b> 1054: Unknown column 'Page.slug' in 'where clause'</span> in [CORE\cake\libs\model\datasources\dbo_source.php, line 525]
2009-07-21 01:21:44 Warning: Warning (512): <span style = "color:Red;text-align:left"><b>SQL Error:</b> 1054: Unknown column 'Page.slug' in 'where clause'</span> in [CORE\cake\libs\model\datasources\dbo_source.php, line 525]
2009-07-21 01:21:44 Warning: Warning (512): <span style = "color:Red;text-align:left"><b>SQL Error:</b> 1054: Unknown column 'Page.slug' in 'where clause'</span> in [CORE\cake\libs\model\datasources\dbo_source.php, line 525]
2009-07-21 01:21:46 Warning: Warning (512): <span style = "color:Red;text-align:left"><b>SQL Error:</b> 1054: Unknown column 'Page.slug' in 'where clause'</span> in [CORE\cake\libs\model\datasources\dbo_source.php, line 525]
2009-07-21 01:22:05 Warning: Warning (2): Invalid argument supplied for foreach() in [APP\views\elements\menu_top.ctp, line 7]
2009-07-21 01:22:37 Warning: Warning (2): Invalid argument supplied for foreach() in [APP\views\elements\menu_top.ctp, line 7]
2009-07-21 01:23:06 Warning: Warning (2): Invalid argument supplied for foreach() in [APP\views\elements\menu_top.ctp, line 8]
2009-07-21 01:24:24 Warning: Warning (2): Invalid argument supplied for foreach() in [APP\views\elements\menu_top.ctp, line 8]
2009-07-21 01:24:53 Warning: Warning (2): Invalid argument supplied for foreach() in [APP\views\elements\menu_top.ctp, line 8]
2009-07-21 01:25:09 Warning: Warning (2): Invalid argument supplied for foreach() in [APP\views\elements\menu_top.ctp, line 8]
2009-07-21 01:25:15 Warning: Warning (2): Invalid argument supplied for foreach() in [APP\views\elements\menu_top.ctp, line 8]
2009-07-21 01:25:40 Warning: Warning (2): Invalid argument supplied for foreach() in [APP\views\elements\menu_top.ctp, line 8]
2009-07-21 01:26:05 Warning: Warning (2): Invalid argument supplied for foreach() in [APP\views\elements\menu_top.ctp, line 8]
2009-07-21 01:40:19 Warning: Warning (2): Invalid argument supplied for foreach() in [APP\views\elements\menu_top.ctp, line 8]
2009-07-21 01:45:58 Warning: Warning (2): Invalid argument supplied for foreach() in [APP\views\elements\menu_top.ctp, line 8]
2009-07-21 01:48:49 Warning: Warning (2): Invalid argument supplied for foreach() in [APP\views\elements\menu_top.ctp, line 8]
2009-07-21 01:51:28 Warning: Warning (2): Invalid argument supplied for foreach() in [APP\views\elements\menu_top.ctp, line 8]
2009-07-21 02:10:23 Warning: Warning (2): Invalid argument supplied for foreach() in [APP\views\elements\menu_top.ctp, line 8]
2009-07-21 02:14:32 Warning: Warning (2): Invalid argument supplied for foreach() in [APP\views\elements\menu_top.ctp, line 8]
2009-07-21 02:17:08 Warning: Warning (2): Invalid argument supplied for foreach() in [APP\views\elements\menu_top.ctp, line 7]
2009-07-21 02:19:19 Warning: Warning (2): Invalid argument supplied for foreach() in [APP\views\elements\menu_top.ctp, line 7]
2009-07-21 02:19:38 Warning: Warning (2): Invalid argument supplied for foreach() in [APP\views\elements\menu_top.ctp, line 7]
2009-07-21 02:20:13 Warning: Warning (2): Invalid argument supplied for foreach() in [APP\views\elements\menu_top.ctp, line 8]
2009-07-21 02:20:32 Warning: Warning (2): Invalid argument supplied for foreach() in [APP\views\elements\menu_top.ctp, line 8]
2009-07-22 14:07:53 Warning: Warning (512): <span style = "color:Red;text-align:left"><b>SQL Error:</b> 1054: Unknown column 'limit' in 'where clause'</span> in [CORE\cake\libs\model\datasources\dbo_source.php, line 525]
2009-07-22 14:07:55 Warning: Warning (512): <span style = "color:Red;text-align:left"><b>SQL Error:</b> 1054: Unknown column 'limit' in 'where clause'</span> in [CORE\cake\libs\model\datasources\dbo_source.php, line 525]
2009-07-23 00:14:47 Warning: Warning (512): <span style = "color:Red;text-align:left"><b>SQL Error:</b> 1054: Unknown column 'User.email' in 'where clause'</span> in [CORE\cake\libs\model\datasources\dbo_source.php, line 525]
2009-07-23 00:25:05 Warning: Warning (2): Cannot modify header information - headers already sent by (output started at C:\xampp\htdocs\twik\cake\basics.php:111) in [CORE\cake\libs\controller\controller.php, line 640]
2009-07-23 01:12:43 Warning: Warning (2): Cannot modify header information - headers already sent by (output started at C:\xampp\htdocs\twik\cake\basics.php:603) in [CORE\cake\libs\controller\controller.php, line 640]
2009-07-23 01:15:08 Warning: Warning (512): <span style = "color:Red;text-align:left"><b>SQL Error:</b> 1064: You have an error in your SQL syntax; check the manual that corresponds to your MySQL server version for the right syntax to use near 'validate' at line 1</span> in [CORE\cake\libs\model\datasources\dbo_source.php, line 525]
2009-07-23 01:16:07 Warning: Warning (512): <span style = "color:Red;text-align:left"><b>SQL Error:</b> 1064: You have an error in your SQL syntax; check the manual that corresponds to your MySQL server version for the right syntax to use near 'validate' at line 1</span> in [CORE\cake\libs\model\datasources\dbo_source.php, line 525]
2009-07-23 01:17:32 Warning: Warning (2): Cannot modify header information - headers already sent by (output started at C:\xampp\htdocs\twik\cake\basics.php:603) in [CORE\cake\libs\controller\controller.php, line 640]
2009-07-23 01:20:44 Warning: Warning (2): Cannot modify header information - headers already sent by (output started at C:\xampp\htdocs\twik\cake\basics.php:603) in [CORE\cake\libs\controller\controller.php, line 640]
2009-07-23 01:23:56 Warning: Warning (2): Cannot modify header information - headers already sent by (output started at C:\xampp\htdocs\twik\cake\basics.php:603) in [CORE\cake\libs\controller\controller.php, line 640]
2009-07-23 01:29:24 Warning: Warning (2): Cannot modify header information - headers already sent by (output started at C:\xampp\htdocs\twik\cake\basics.php:603) in [CORE\cake\libs\controller\controller.php, line 640]
2009-07-23 01:30:03 Warning: Warning (2): Cannot modify header information - headers already sent by (output started at C:\xampp\htdocs\twik\cake\basics.php:603) in [CORE\cake\libs\controller\controller.php, line 640]
2009-07-23 01:32:28 Warning: Warning (2): Cannot modify header information - headers already sent by (output started at C:\xampp\htdocs\twik\cake\basics.php:603) in [CORE\cake\libs\controller\controller.php, line 640]
2009-07-23 01:33:11 Warning: Warning (2): Cannot modify header information - headers already sent by (output started at C:\xampp\htdocs\twik\cake\basics.php:603) in [CORE\cake\libs\controller\controller.php, line 640]
2009-07-23 01:35:20 Warning: Warning (2): Cannot modify header information - headers already sent by (output started at C:\xampp\htdocs\twik\cake\basics.php:603) in [CORE\cake\libs\controller\controller.php, line 640]
2009-07-23 01:35:23 Warning: Warning (2): Cannot modify header information - headers already sent by (output started at C:\xampp\htdocs\twik\cake\basics.php:603) in [CORE\cake\libs\controller\controller.php, line 640]
2009-07-23 01:40:22 Warning: Warning (2): Cannot modify header information - headers already sent by (output started at C:\xampp\htdocs\twik\cake\basics.php:603) in [CORE\cake\libs\controller\controller.php, line 640]
2009-07-23 01:43:20 Warning: Warning (2): Cannot modify header information - headers already sent by (output started at C:\xampp\htdocs\twik\cake\basics.php:603) in [CORE\cake\libs\controller\controller.php, line 640]
2009-07-23 23:38:00 Warning: Warning (512): <span style = "color:Red;text-align:left"><b>SQL Error:</b> 1064: You have an error in your SQL syntax; check the manual that corresponds to your MySQL server version for the right syntax to use near 'contain' at line 1</span> in [CORE\cake\libs\model\datasources\dbo_source.php, line 525]
2009-07-23 23:38:01 Warning: Warning (512): <span style = "color:Red;text-align:left"><b>SQL Error:</b> 1064: You have an error in your SQL syntax; check the manual that corresponds to your MySQL server version for the right syntax to use near 'contain' at line 1</span> in [CORE\cake\libs\model\datasources\dbo_source.php, line 525]
2009-07-24 00:01:41 Warning: Warning (512): <span style = "color:Red;text-align:left"><b>SQL Error:</b> 1064: You have an error in your SQL syntax; check the manual that corresponds to your MySQL server version for the right syntax to use near 'contain' at line 1</span> in [CORE\cake\libs\model\datasources\dbo_source.php, line 525]
2009-07-24 00:01:41 Warning: Warning (512): <span style = "color:Red;text-align:left"><b>SQL Error:</b> 1064: You have an error in your SQL syntax; check the manual that corresponds to your MySQL server version for the right syntax to use near 'contain' at line 1</span> in [CORE\cake\libs\model\datasources\dbo_source.php, line 525]
2009-07-24 00:02:07 Warning: Warning (512): <span style = "color:Red;text-align:left"><b>SQL Error:</b> 1064: You have an error in your SQL syntax; check the manual that corresponds to your MySQL server version for the right syntax to use near 'contain' at line 1</span> in [CORE\cake\libs\model\datasources\dbo_source.php, line 525]
2009-07-24 00:02:07 Warning: Warning (512): <span style = "color:Red;text-align:left"><b>SQL Error:</b> 1064: You have an error in your SQL syntax; check the manual that corresponds to your MySQL server version for the right syntax to use near 'contain' at line 1</span> in [CORE\cake\libs\model\datasources\dbo_source.php, line 525]
2009-07-27 18:15:01 Warning: Warning (512): <span style = "color:Red;text-align:left"><b>SQL Error:</b> 1064: You have an error in your SQL syntax; check the manual that corresponds to your MySQL server version for the right syntax to use near 'contain' at line 1</span> in [CORE\cake\libs\model\datasources\dbo_source.php, line 525]
2009-07-28 15:21:42 Warning: Warning (2): Invalid argument supplied for foreach() in [APP\views\auctions\busca.ctp, line 5]
2009-07-28 15:22:36 Warning: Warning (2): Invalid argument supplied for foreach() in [APP\views\auctions\busca.ctp, line 5]
2009-07-28 15:24:29 Warning: Warning (2): Invalid argument supplied for foreach() in [APP\views\auctions\busca.ctp, line 5]
2009-07-28 15:24:42 Warning: Warning (2): Invalid argument supplied for foreach() in [APP\views\auctions\busca.ctp, line 5]
2009-07-29 01:10:19 Warning: Warning (512): <span style = "color:Red;text-align:left"><b>SQL Error:</b> 1052: Column 'auction_id' in where clause is ambiguous</span> in [CORE\cake\libs\model\datasources\dbo_source.php, line 525]
2009-07-29 01:18:16 Warning: Warning (512): <span style = "color:Red;text-align:left"><b>SQL Error:</b> 1052: Column 'auction_id' in where clause is ambiguous</span> in [CORE\cake\libs\model\datasources\dbo_source.php, line 525]
2009-07-29 01:18:20 Warning: Warning (512): <span style = "color:Red;text-align:left"><b>SQL Error:</b> 1052: Column 'auction_id' in where clause is ambiguous</span> in [CORE\cake\libs\model\datasources\dbo_source.php, line 525]
2009-07-29 01:18:25 Warning: Warning (512): <span style = "color:Red;text-align:left"><b>SQL Error:</b> 1052: Column 'auction_id' in where clause is ambiguous</span> in [CORE\cake\libs\model\datasources\dbo_source.php, line 525]
2009-07-29 01:18:27 Warning: Warning (512): <span style = "color:Red;text-align:left"><b>SQL Error:</b> 1052: Column 'auction_id' in where clause is ambiguous</span> in [CORE\cake\libs\model\datasources\dbo_source.php, line 525]
2009-07-29 01:19:05 Warning: Warning (512): <span style = "color:Red;text-align:left"><b>SQL Error:</b> 1052: Column 'auction_id' in where clause is ambiguous</span> in [CORE\cake\libs\model\datasources\dbo_source.php, line 525]
2009-07-29 01:19:07 Warning: Warning (512): <span style = "color:Red;text-align:left"><b>SQL Error:</b> 1052: Column 'auction_id' in where clause is ambiguous</span> in [CORE\cake\libs\model\datasources\dbo_source.php, line 525]
2009-07-29 01:25:05 Warning: Warning (512): <span style = "color:Red;text-align:left"><b>SQL Error:</b> 1052: Column 'auction_id' in where clause is ambiguous</span> in [CORE\cake\libs\model\datasources\dbo_source.php, line 525]
2009-07-29 01:25:06 Warning: Warning (512): <span style = "color:Red;text-align:left"><b>SQL Error:</b> 1052: Column 'auction_id' in where clause is ambiguous</span> in [CORE\cake\libs\model\datasources\dbo_source.php, line 525]
2009-07-29 01:53:00 Warning: Warning (512): <span style = "color:Red;text-align:left"><b>SQL Error:</b> 1064: You have an error in your SQL syntax; check the manual that corresponds to your MySQL server version for the right syntax to use near 'contain' at line 1</span> in [CORE\cake\libs\model\datasources\dbo_source.php, line 525]
2009-07-29 01:53:01 Warning: Warning (512): <span style = "color:Red;text-align:left"><b>SQL Error:</b> 1064: You have an error in your SQL syntax; check the manual that corresponds to your MySQL server version for the right syntax to use near 'contain' at line 1</span> in [CORE\cake\libs\model\datasources\dbo_source.php, line 525]
2009-07-30 13:24:47 Warning: Warning (512): <span style = "color:Red;text-align:left"><b>SQL Error:</b> 1054: Unknown column 'order' in 'where clause'</span> in [CORE\cake\libs\model\datasources\dbo_source.php, line 525]
2009-07-30 13:24:47 Warning: Warning (2): Invalid argument supplied for foreach() in [APP\views\arrematados\admin_index.ctp, line 18]
2009-07-30 13:24:48 Warning: Warning (512): <span style = "color:Red;text-align:left"><b>SQL Error:</b> 1054: Unknown column 'order' in 'where clause'</span> in [CORE\cake\libs\model\datasources\dbo_source.php, line 525]
2009-07-30 13:24:48 Warning: Warning (2): Invalid argument supplied for foreach() in [APP\views\arrematados\admin_index.ctp, line 18]
2009-07-30 13:25:52 Warning: Warning (512): <span style = "color:Red;text-align:left"><b>SQL Error:</b> 1054: Unknown column 'order' in 'where clause'</span> in [CORE\cake\libs\model\datasources\dbo_source.php, line 525]
2009-07-30 13:25:52 Warning: Warning (2): Invalid argument supplied for foreach() in [APP\views\arrematados\admin_index.ctp, line 18]
2009-07-30 13:25:53 Warning: Warning (512): <span style = "color:Red;text-align:left"><b>SQL Error:</b> 1054: Unknown column 'order' in 'where clause'</span> in [CORE\cake\libs\model\datasources\dbo_source.php, line 525]
2009-07-30 13:25:53 Warning: Warning (2): Invalid argument supplied for foreach() in [APP\views\arrematados\admin_index.ctp, line 18]
2009-07-30 13:28:00 Warning: Warning (512): <span style = "color:Red;text-align:left"><b>SQL Error:</b> 1054: Unknown column 'order' in 'where clause'</span> in [CORE\cake\libs\model\datasources\dbo_source.php, line 525]
2009-07-30 13:28:00 Warning: Warning (2): Invalid argument supplied for foreach() in [APP\views\arrematados\admin_index.ctp, line 18]
2009-07-30 13:28:01 Warning: Warning (512): <span style = "color:Red;text-align:left"><b>SQL Error:</b> 1054: Unknown column 'order' in 'where clause'</span> in [CORE\cake\libs\model\datasources\dbo_source.php, line 525]
2009-07-30 13:28:01 Warning: Warning (2): Invalid argument supplied for foreach() in [APP\views\arrematados\admin_index.ctp, line 18]
2009-07-30 13:33:11 Warning: Warning (512): <span style = "color:Red;text-align:left"><b>SQL Error:</b> 1054: Unknown column 'Arrematado' in 'where clause'</span> in [CORE\cake\libs\model\datasources\dbo_source.php, line 525]
2009-07-30 13:33:11 Warning: Warning (2): Invalid argument supplied for foreach() in [APP\views\arrematados\admin_index.ctp, line 18]
2009-07-30 13:33:12 Warning: Warning (512): <span style = "color:Red;text-align:left"><b>SQL Error:</b> 1054: Unknown column 'Arrematado' in 'where clause'</span> in [CORE\cake\libs\model\datasources\dbo_source.php, line 525]
2009-07-30 13:33:12 Warning: Warning (2): Invalid argument supplied for foreach() in [APP\views\arrematados\admin_index.ctp, line 18]
2009-07-30 13:35:02 Warning: Warning (512): <span style = "color:Red;text-align:left"><b>SQL Error:</b> 1054: Unknown column 'order' in 'where clause'</span> in [CORE\cake\libs\model\datasources\dbo_source.php, line 525]
2009-07-30 13:35:02 Warning: Warning (2): Invalid argument supplied for foreach() in [APP\views\arrematados\admin_index.ctp, line 18]
2009-07-30 13:35:02 Warning: Warning (512): <span style = "color:Red;text-align:left"><b>SQL Error:</b> 1054: Unknown column 'order' in 'where clause'</span> in [CORE\cake\libs\model\datasources\dbo_source.php, line 525]
2009-07-30 13:35:03 Warning: Warning (2): Invalid argument supplied for foreach() in [APP\views\arrematados\admin_index.ctp, line 18]
2009-07-30 13:37:56 Warning: Warning (512): <span style = "color:Red;text-align:left"><b>SQL Error:</b> 1054: Unknown column 'order' in 'where clause'</span> in [CORE\cake\libs\model\datasources\dbo_source.php, line 525]
2009-07-30 13:37:56 Warning: Warning (2): Invalid argument supplied for foreach() in [APP\views\arrematados\admin_index.ctp, line 18]
2009-07-30 13:37:57 Warning: Warning (512): <span style = "color:Red;text-align:left"><b>SQL Error:</b> 1054: Unknown column 'order' in 'where clause'</span> in [CORE\cake\libs\model\datasources\dbo_source.php, line 525]
2009-07-30 13:37:57 Warning: Warning (2): Invalid argument supplied for foreach() in [APP\views\arrematados\admin_index.ctp, line 18]
2009-07-30 13:38:30 Warning: Warning (512): <span style = "color:Red;text-align:left"><b>SQL Error:</b> 1054: Unknown column 'order' in 'where clause'</span> in [CORE\cake\libs\model\datasources\dbo_source.php, line 525]
2009-07-30 13:38:31 Warning: Warning (2): Invalid argument supplied for foreach() in [APP\views\arrematados\admin_index.ctp, line 18]
2009-07-30 13:38:32 Warning: Warning (512): <span style = "color:Red;text-align:left"><b>SQL Error:</b> 1054: Unknown column 'order' in 'where clause'</span> in [CORE\cake\libs\model\datasources\dbo_source.php, line 525]
2009-07-30 13:38:32 Warning: Warning (2): Invalid argument supplied for foreach() in [APP\views\arrematados\admin_index.ctp, line 18]
2009-07-30 13:39:44 Warning: Warning (512): <span style = "color:Red;text-align:left"><b>SQL Error:</b> 1052: Column 'id' in where clause is ambiguous</span> in [CORE\cake\libs\model\datasources\dbo_source.php, line 525]
2009-07-30 13:39:44 Warning: Warning (2): Invalid argument supplied for foreach() in [APP\views\arrematados\admin_index.ctp, line 18]
2009-07-30 13:39:45 Warning: Warning (512): <span style = "color:Red;text-align:left"><b>SQL Error:</b> 1052: Column 'id' in where clause is ambiguous</span> in [CORE\cake\libs\model\datasources\dbo_source.php, line 525]
2009-07-30 13:39:45 Warning: Warning (2): Invalid argument supplied for foreach() in [APP\views\arrematados\admin_index.ctp, line 18]
2009-07-30 13:40:06 Warning: Warning (512): <span style = "color:Red;text-align:left"><b>SQL Error:</b> 1052: Column 'id' in where clause is ambiguous</span> in [CORE\cake\libs\model\datasources\dbo_source.php, line 525]
2009-07-30 13:40:06 Warning: Warning (2): Invalid argument supplied for foreach() in [APP\views\arrematados\admin_index.ctp, line 18]
2009-07-30 13:40:07 Warning: Warning (512): <span style = "color:Red;text-align:left"><b>SQL Error:</b> 1052: Column 'id' in where clause is ambiguous</span> in [CORE\cake\libs\model\datasources\dbo_source.php, line 525]
2009-07-30 13:40:07 Warning: Warning (2): Invalid argument supplied for foreach() in [APP\views\arrematados\admin_index.ctp, line 18]
2009-07-30 13:40:18 Warning: Warning (512): <span style = "color:Red;text-align:left"><b>SQL Error:</b> 1052: Column 'id' in where clause is ambiguous</span> in [CORE\cake\libs\model\datasources\dbo_source.php, line 525]
2009-07-30 13:40:18 Warning: Warning (2): Invalid argument supplied for foreach() in [APP\views\arrematados\admin_index.ctp, line 18]
2009-07-30 13:40:19 Warning: Warning (512): <span style = "color:Red;text-align:left"><b>SQL Error:</b> 1052: Column 'id' in where clause is ambiguous</span> in [CORE\cake\libs\model\datasources\dbo_source.php, line 525]
2009-07-30 13:40:19 Warning: Warning (2): Invalid argument supplied for foreach() in [APP\views\arrematados\admin_index.ctp, line 18]
2009-07-30 13:41:52 Warning: Warning (512): <span style = "color:Red;text-align:left"><b>SQL Error:</b> 1054: Unknown column 'conditions' in 'where clause'</span> in [CORE\cake\libs\model\datasources\dbo_source.php, line 525]
2009-07-30 13:41:52 Warning: Warning (2): Invalid argument supplied for foreach() in [APP\views\arrematados\admin_index.ctp, line 18]
2009-07-30 13:41:53 Warning: Warning (512): <span style = "color:Red;text-align:left"><b>SQL Error:</b> 1054: Unknown column 'conditions' in 'where clause'</span> in [CORE\cake\libs\model\datasources\dbo_source.php, line 525]
2009-07-30 13:41:53 Warning: Warning (2): Invalid argument supplied for foreach() in [APP\views\arrematados\admin_index.ctp, line 18]
2009-07-30 13:43:00 Warning: Warning (512): <span style = "color:Red;text-align:left"><b>SQL Error:</b> 1054: Unknown column 'order' in 'where clause'</span> in [CORE\cake\libs\model\datasources\dbo_source.php, line 525]
2009-07-30 13:43:00 Warning: Warning (2): Invalid argument supplied for foreach() in [APP\views\arrematados\admin_index.ctp, line 18]
2009-07-30 13:43:01 Warning: Warning (512): <span style = "color:Red;text-align:left"><b>SQL Error:</b> 1054: Unknown column 'order' in 'where clause'</span> in [CORE\cake\libs\model\datasources\dbo_source.php, line 525]
2009-07-30 13:43:01 Warning: Warning (2): Invalid argument supplied for foreach() in [APP\views\arrematados\admin_index.ctp, line 18]
